[29-Aug-2015 22:35:53 UTC] PHP Strict Standards:  Redefining already defined constructor for class WXR_Parser_Regex in /srv/www/merp/htdocs/wp-content/plugins/wordpress-importer/parsers.php on line 408
[29-Aug-2015 22:35:53 UTC] PHP Strict Standards:  Declaration of WP_Import::bump_request_timeout() should be compatible with WP_Importer::bump_request_timeout($val) in /srv/www/merp/htdocs/wp-content/plugins/wordpress-importer/wordpress-importer.php on line 38
[30-Aug-2015 21:07:13 UTC] PHP Strict Standards:  Redefining already defined constructor for class hemingway_video_widget in /srv/www/merp/htdocs/wp-content/themes/hemingway/widgets/video-widget.php on line 11
[30-Aug-2015 21:29:07 UTC] PHP Strict Standards:  Redefining already defined constructor for class WXR_Parser_Regex in /srv/www/merp/htdocs/wp-content/plugins/wordpress-importer/parsers.php on line 408
[30-Aug-2015 21:29:07 UTC] PHP Strict Standards:  Declaration of WP_Import::bump_request_timeout() should be compatible with WP_Importer::bump_request_timeout($val) in /srv/www/merp/htdocs/wp-content/plugins/wordpress-importer/wordpress-importer.php on line 38
[30-Aug-2015 21:29:18 UTC] PHP Strict Standards:  Declaration of WP_Import::bump_request_timeout() should be compatible with WP_Importer::bump_request_timeout($val) in /srv/www/merp/htdocs/wp-content/plugins/wordpress-importer/wordpress-importer.php on line 38
[30-Aug-2015 21:29:35 UTC] PHP Strict Standards:  Declaration of WP_Import::bump_request_timeout() should be compatible with WP_Importer::bump_request_timeout($val) in /srv/www/merp/htdocs/wp-content/plugins/wordpress-importer/wordpress-importer.php on line 38
[30-Aug-2015 21:30:09 UTC] PHP Strict Standards:  Declaration of WP_Import::bump_request_timeout() should be compatible with WP_Importer::bump_request_timeout($val) in /srv/www/merp/htdocs/wp-content/plugins/wordpress-importer/wordpress-importer.php on line 38
[30-Aug-2015 21:32:22 UTC] PHP Notice:  Undefined index: widget_title in /srv/www/merp/htdocs/wp-content/themes/hemingway/widgets/flickr-widget.php on line 49
[30-Aug-2015 21:32:22 UTC] PHP Notice:  Undefined index: id in /srv/www/merp/htdocs/wp-content/themes/hemingway/widgets/flickr-widget.php on line 50
[30-Aug-2015 21:32:22 UTC] PHP Notice:  Undefined index: number in /srv/www/merp/htdocs/wp-content/themes/hemingway/widgets/flickr-widget.php on line 51
[30-Aug-2015 21:32:22 UTC] PHP Notice:  Undefined index: widget_title in /srv/www/merp/htdocs/wp-content/themes/hemingway/widgets/video-widget.php on line 64
[30-Aug-2015 21:32:22 UTC] PHP Notice:  Undefined index: video_url in /srv/www/merp/htdocs/wp-content/themes/hemingway/widgets/video-widget.php on line 65
[30-Aug-2015 21:32:24 UTC] PHP Notice:  Undefined index: widget_title in /srv/www/merp/htdocs/wp-content/themes/hemingway/widgets/flickr-widget.php on line 49
[30-Aug-2015 21:32:24 UTC] PHP Notice:  Undefined index: id in /srv/www/merp/htdocs/wp-content/themes/hemingway/widgets/flickr-widget.php on line 50
[30-Aug-2015 21:32:24 UTC] PHP Notice:  Undefined index: number in /srv/www/merp/htdocs/wp-content/themes/hemingway/widgets/flickr-widget.php on line 51
[30-Aug-2015 21:32:24 UTC] PHP Notice:  Undefined index: widget_title in /srv/www/merp/htdocs/wp-content/themes/hemingway/widgets/video-widget.php on line 64
[30-Aug-2015 21:32:24 UTC] PHP Notice:  Undefined index: video_url in /srv/www/merp/htdocs/wp-content/themes/hemingway/widgets/video-widget.php on line 65
[30-Aug-2015 21:32:25 UTC] PHP Notice:  Undefined index: widget_title in /srv/www/merp/htdocs/wp-content/themes/hemingway/widgets/flickr-widget.php on line 49
[30-Aug-2015 21:32:25 UTC] PHP Notice:  Undefined index: id in /srv/www/merp/htdocs/wp-content/themes/hemingway/widgets/flickr-widget.php on line 50
[30-Aug-2015 21:32:25 UTC] PHP Notice:  Undefined index: number in /srv/www/merp/htdocs/wp-content/themes/hemingway/widgets/flickr-widget.php on line 51
[30-Aug-2015 21:32:25 UTC] PHP Notice:  Undefined index: widget_title in /srv/www/merp/htdocs/wp-content/themes/hemingway/widgets/video-widget.php on line 64
[30-Aug-2015 21:32:25 UTC] PHP Notice:  Undefined index: video_url in /srv/www/merp/htdocs/wp-content/themes/hemingway/widgets/video-widget.php on line 65
[30-Aug-2015 21:32:25 UTC] PHP Notice:  Undefined index: widget_title in /srv/www/merp/htdocs/wp-content/themes/hemingway/widgets/flickr-widget.php on line 49
[30-Aug-2015 21:32:25 UTC] PHP Notice:  Undefined index: id in /srv/www/merp/htdocs/wp-content/themes/hemingway/widgets/flickr-widget.php on line 50
[30-Aug-2015 21:32:25 UTC] PHP Notice:  Undefined index: number in /srv/www/merp/htdocs/wp-content/themes/hemingway/widgets/flickr-widget.php on line 51
[30-Aug-2015 21:32:25 UTC] PHP Notice:  Undefined index: widget_title in /srv/www/merp/htdocs/wp-content/themes/hemingway/widgets/video-widget.php on line 64
[30-Aug-2015 21:32:25 UTC] PHP Notice:  Undefined index: video_url in /srv/www/merp/htdocs/wp-content/themes/hemingway/widgets/video-widget.php on line 65
[30-Aug-2015 21:36:13 UTC] PHP Notice:  Undefined index: widget_title in /srv/www/merp/htdocs/wp-content/themes/hemingway/widgets/flickr-widget.php on line 49
[30-Aug-2015 21:36:13 UTC] PHP Notice:  Undefined index: id in /srv/www/merp/htdocs/wp-content/themes/hemingway/widgets/flickr-widget.php on line 50
[30-Aug-2015 21:36:13 UTC] PHP Notice:  Undefined index: number in /srv/www/merp/htdocs/wp-content/themes/hemingway/widgets/flickr-widget.php on line 51
[30-Aug-2015 21:36:13 UTC] PHP Notice:  Undefined index: widget_title in /srv/www/merp/htdocs/wp-content/themes/hemingway/widgets/video-widget.php on line 64
[30-Aug-2015 21:36:13 UTC] PHP Notice:  Undefined index: video_url in /srv/www/merp/htdocs/wp-content/themes/hemingway/widgets/video-widget.php on line 65
